<?xml version="1.0" encoding="UTF-8"?>
<testng-results skipped="0" failed="0" total="1" passed="1">
  <reporter-output>
  </reporter-output>
  <suite name="MyPackage.NewTest" duration-ms="75" started-at="2019-06-14T14:44:24Z" finished-at="2019-06-14T14:44:24Z">
    <groups>
    </groups>
    <test name="Command line test" duration-ms="75" started-at="2019-06-14T14:44:24Z" finished-at="2019-06-14T14:44:24Z">
      <class name="MyPackage.NewTest">
        <test-method status="PASS" signature="f()[pri:0, instance:MyPackage.NewTest@5ebec15]" name="f" duration-ms="29" started-at="2019-06-14T22:44:24Z" finished-at="2019-06-14T22:44:24Z">
          <reporter-output>
          </reporter-output>
        </test-method> <!-- f -->
      </class> <!-- MyPackage.NewTest -->
    </test> <!-- Command line test -->
  </suite> <!-- MyPackage.NewTest -->
</testng-results>
