<?xml version="1.0" encoding="UTF-8"?>
<testng-results skipped="0" failed="0" total="1" passed="1">
  <reporter-output>
  </reporter-output>
  <suite name="Default suite" duration-ms="50" started-at="2019-06-14T14:29:37Z" finished-at="2019-06-14T14:29:37Z">
    <groups>
    </groups>
    <test name="Default test" duration-ms="50" started-at="2019-06-14T14:29:37Z" finished-at="2019-06-14T14:29:37Z">
      <class name="MyPackage.NewTest">
        <test-method status="PASS" signature="f()[pri:0, instance:MyPackage.NewTest@1d057a39]" name="f" duration-ms="20" started-at="2019-06-14T22:29:37Z" finished-at="2019-06-14T22:29:37Z">
          <reporter-output>
          </reporter-output>
        </test-method> <!-- f -->
      </class> <!-- MyPackage.NewTest -->
    </test> <!-- Default test -->
  </suite> <!-- Default suite -->
</testng-results>
